2025-08-20T21:23:28.762+05:30  INFO 27344 --- [crm] [restartedMain] c.e.S.SalesManagementSoftwareApplication : Starting SalesManagementSoftwareApplication using Java 21.0.7 with PID 27344 (C:\Users\PULKIT ARORA\Desktop\Project\SalesManagementSoftware\SalesManagementSoftware\target\classes started by PULKIT ARORA in C:\Users\PULKIT ARORA\Desktop\Project\SalesManagementSoftware)
2025-08-20T21:23:28.782+05:30  INFO 27344 --- [crm] [restartedMain] c.e.S.SalesManagementSoftwareApplication : The following 1 profile is active: "dev"
2025-08-20T21:23:28.901+05:30  INFO 27344 --- [crm] [restartedMain] .e.DevToolsPropertyDefaultsPostProcessor : Devtools property defaults active! Set 'spring.devtools.add-properties' to 'false' to disable
2025-08-20T21:23:28.918+05:30  INFO 27344 --- [crm] [restartedMain] .e.DevToolsPropertyDefaultsPostProcessor : For additional web related logging consider setting the 'logging.level.web' property to 'DEBUG'
2025-08-20T21:23:30.325+05:30  INFO 27344 --- [crm] [restartedMain] .s.d.r.c.RepositoryConfigurationDelegate : Bootstrapping Spring Data JPA repositories in DEFAULT mode.
2025-08-20T21:23:30.442+05:30  INFO 27344 --- [crm] [restartedMain] .s.d.r.c.RepositoryConfigurationDelegate : Finished Spring Data repository scanning in 101 ms. Found 4 JPA repository interfaces.
2025-08-20T21:23:31.612+05:30  INFO 27344 --- [crm] [restartedMain] o.s.b.w.embedded.tomcat.TomcatWebServer  : Tomcat initialized with port 8080 (http)
2025-08-20T21:23:31.632+05:30  INFO 27344 --- [crm] [restartedMain] o.apache.catalina.core.StandardService   : Starting service [Tomcat]
2025-08-20T21:23:31.632+05:30  INFO 27344 --- [crm] [restartedMain] o.apache.catalina.core.StandardEngine    : Starting Servlet engine: [Apache Tomcat/10.1.42]
2025-08-20T21:23:31.715+05:30  INFO 27344 --- [crm] [restartedMain] o.a.c.c.C.[Tomcat].[localhost].[/]       : Initializing Spring embedded WebApplicationContext
2025-08-20T21:23:31.716+05:30  INFO 27344 --- [crm] [restartedMain] w.s.c.ServletWebServerApplicationContext : Root WebApplicationContext: initialization completed in 2796 ms
2025-08-20T21:23:32.171+05:30  INFO 27344 --- [crm] [restartedMain] o.hibernate.jpa.internal.util.LogHelper  : HHH000204: Processing PersistenceUnitInfo [name: default]
2025-08-20T21:23:32.287+05:30  INFO 27344 --- [crm] [restartedMain] org.hibernate.Version                    : HHH000412: Hibernate ORM core version 6.6.18.Final
2025-08-20T21:23:32.335+05:30  INFO 27344 --- [crm] [restartedMain] o.h.c.internal.RegionFactoryInitiator    : HHH000026: Second-level cache disabled
2025-08-20T21:23:32.883+05:30  INFO 27344 --- [crm] [restartedMain] o.s.o.j.p.SpringPersistenceUnitInfo      : No LoadTimeWeaver setup: ignoring JPA class transformer
2025-08-20T21:23:32.930+05:30  INFO 27344 --- [crm] [restartedMain] com.zaxxer.hikari.HikariDataSource       : HikariPool-1 - Starting...
2025-08-20T21:23:33.475+05:30  INFO 27344 --- [crm] [restartedMain] com.zaxxer.hikari.pool.HikariPool        : HikariPool-1 - Added connection com.mysql.cj.jdbc.ConnectionImpl@74bcb3b0
2025-08-20T21:23:33.479+05:30  INFO 27344 --- [crm] [restartedMain] com.zaxxer.hikari.HikariDataSource       : HikariPool-1 - Start completed.
2025-08-20T21:23:33.555+05:30  WARN 27344 --- [crm] [restartedMain] org.hibernate.orm.deprecation            : HHH90000025: MySQL8Dialect does not need to be specified explicitly using 'hibernate.dialect' (remove the property setting and it will be selected by default)
2025-08-20T21:23:33.557+05:30  WARN 27344 --- [crm] [restartedMain] org.hibernate.orm.deprecation            : HHH90000026: MySQL8Dialect has been deprecated; use org.hibernate.dialect.MySQLDialect instead
2025-08-20T21:23:33.576+05:30  INFO 27344 --- [crm] [restartedMain] org.hibernate.orm.connections.pooling    : HHH10001005: Database info:
	Database JDBC URL [Connecting through datasource 'HikariDataSource (HikariPool-1)']
	Database driver: undefined/unknown
	Database version: 8.0
	Autocommit mode: undefined/unknown
	Isolation level: undefined/unknown
	Minimum pool size: undefined/unknown
	Maximum pool size: undefined/unknown
2025-08-20T21:23:35.194+05:30  INFO 27344 --- [crm] [restartedMain] o.h.e.t.j.p.i.JtaPlatformInitiator       : HHH000489: No JTA platform available (set 'hibernate.transaction.jta.platform' to enable JTA platform integration)
2025-08-20T21:23:35.348+05:30  INFO 27344 --- [crm] [restartedMain] j.LocalContainerEntityManagerFactoryBean : Initialized JPA EntityManagerFactory for persistence unit 'default'
2025-08-20T21:23:36.042+05:30  INFO 27344 --- [crm] [restartedMain] o.s.d.j.r.query.QueryEnhancerFactory     : Hibernate is in classpath; If applicable, HQL parser will be used.
2025-08-20T21:23:38.001+05:30  WARN 27344 --- [crm] [restartedMain] JpaBaseConfiguration$JpaWebConfiguration : spring.jpa.open-in-view is enabled by default. Therefore, database queries may be performed during view rendering. Explicitly configure spring.jpa.open-in-view to disable this warning
2025-08-20T21:23:38.152+05:30  INFO 27344 --- [crm] [restartedMain] eAuthenticationProviderManagerConfigurer : Global AuthenticationManager configured with AuthenticationProvider bean with name authenticationProvider
2025-08-20T21:23:38.153+05:30  WARN 27344 --- [crm] [restartedMain] r$InitializeUserDetailsManagerConfigurer : Global AuthenticationManager configured with an AuthenticationProvider bean. UserDetailsService beans will not be used by Spring Security for automatically configuring username/password login. Consider removing the AuthenticationProvider bean. Alternatively, consider using the UserDetailsService in a manually instantiated DaoAuthenticationProvider. If the current configuration is intentional, to turn off this warning, increase the logging level of 'org.springframework.security.config.annotation.authentication.configuration.InitializeUserDetailsBeanManagerConfigurer' to ERROR
2025-08-20T21:23:39.269+05:30  INFO 27344 --- [crm] [restartedMain] o.s.b.d.a.OptionalLiveReloadServer       : LiveReload server is running on port 35729
2025-08-20T21:23:39.324+05:30  INFO 27344 --- [crm] [restartedMain] o.s.b.w.embedded.tomcat.TomcatWebServer  : Tomcat started on port 8080 (http) with context path '/'
2025-08-20T21:23:39.343+05:30  INFO 27344 --- [crm] [restartedMain] c.e.S.SalesManagementSoftwareApplication : Started SalesManagementSoftwareApplication in 11.615 seconds (process running for 12.452)
2025-08-20T21:23:44.213+05:30  INFO 27344 --- [crm] [SpringApplicationShutdownHook] o.s.b.w.e.tomcat.GracefulShutdown        : Commencing graceful shutdown. Waiting for active requests to complete
2025-08-20T21:23:44.226+05:30  INFO 27344 --- [crm] [tomcat-shutdown] o.s.b.w.e.tomcat.GracefulShutdown        : Graceful shutdown complete
2025-08-20T21:23:44.232+05:30  INFO 27344 --- [crm] [SpringApplicationShutdownHook] j.LocalContainerEntityManagerFactoryBean : Closing JPA EntityManagerFactory for persistence unit 'default'
2025-08-20T21:23:44.237+05:30  INFO 27344 --- [crm] [SpringApplicationShutdownHook] com.zaxxer.hikari.HikariDataSource       : HikariPool-1 - Shutdown initiated...
2025-08-20T21:23:44.250+05:30  INFO 27344 --- [crm] [SpringApplicationShutdownHook] com.zaxxer.hikari.HikariDataSource       : HikariPool-1 - Shutdown completed.
2025-08-20T21:32:28.812+05:30  INFO 18948 --- [crm] [restartedMain] c.e.S.SalesManagementSoftwareApplication : Starting SalesManagementSoftwareApplication using Java 21.0.7 with PID 18948 (C:\Users\PULKIT ARORA\Desktop\Project\SalesManagementSoftware\SalesManagementSoftware\target\classes started by PULKIT ARORA in C:\Users\PULKIT ARORA\Desktop\Project\SalesManagementSoftware)
2025-08-20T21:32:28.818+05:30  INFO 18948 --- [crm] [restartedMain] c.e.S.SalesManagementSoftwareApplication : The following 1 profile is active: "dev"
2025-08-20T21:32:28.918+05:30  INFO 18948 --- [crm] [restartedMain] .e.DevToolsPropertyDefaultsPostProcessor : Devtools property defaults active! Set 'spring.devtools.add-properties' to 'false' to disable
2025-08-20T21:32:28.918+05:30  INFO 18948 --- [crm] [restartedMain] .e.DevToolsPropertyDefaultsPostProcessor : For additional web related logging consider setting the 'logging.level.web' property to 'DEBUG'
2025-08-20T21:32:30.381+05:30  INFO 18948 --- [crm] [restartedMain] .s.d.r.c.RepositoryConfigurationDelegate : Bootstrapping Spring Data JPA repositories in DEFAULT mode.
2025-08-20T21:32:30.483+05:30  INFO 18948 --- [crm] [restartedMain] .s.d.r.c.RepositoryConfigurationDelegate : Finished Spring Data repository scanning in 89 ms. Found 4 JPA repository interfaces.
2025-08-20T21:32:31.693+05:30  INFO 18948 --- [crm] [restartedMain] o.s.b.w.embedded.tomcat.TomcatWebServer  : Tomcat initialized with port 8080 (http)
2025-08-20T21:32:31.723+05:30  INFO 18948 --- [crm] [restartedMain] o.apache.catalina.core.StandardService   : Starting service [Tomcat]
2025-08-20T21:32:31.723+05:30  INFO 18948 --- [crm] [restartedMain] o.apache.catalina.core.StandardEngine    : Starting Servlet engine: [Apache Tomcat/10.1.42]
2025-08-20T21:32:31.828+05:30  INFO 18948 --- [crm] [restartedMain] o.a.c.c.C.[Tomcat].[localhost].[/]       : Initializing Spring embedded WebApplicationContext
2025-08-20T21:32:31.829+05:30  INFO 18948 --- [crm] [restartedMain] w.s.c.ServletWebServerApplicationContext : Root WebApplicationContext: initialization completed in 2910 ms
2025-08-20T21:32:32.275+05:30  INFO 18948 --- [crm] [restartedMain] o.hibernate.jpa.internal.util.LogHelper  : HHH000204: Processing PersistenceUnitInfo [name: default]
2025-08-20T21:32:32.383+05:30  INFO 18948 --- [crm] [restartedMain] org.hibernate.Version                    : HHH000412: Hibernate ORM core version 6.6.18.Final
2025-08-20T21:32:32.434+05:30  INFO 18948 --- [crm] [restartedMain] o.h.c.internal.RegionFactoryInitiator    : HHH000026: Second-level cache disabled
2025-08-20T21:32:32.900+05:30  INFO 18948 --- [crm] [restartedMain] o.s.o.j.p.SpringPersistenceUnitInfo      : No LoadTimeWeaver setup: ignoring JPA class transformer
2025-08-20T21:32:32.939+05:30  INFO 18948 --- [crm] [restartedMain] com.zaxxer.hikari.HikariDataSource       : HikariPool-1 - Starting...
2025-08-20T21:32:33.467+05:30  INFO 18948 --- [crm] [restartedMain] com.zaxxer.hikari.pool.HikariPool        : HikariPool-1 - Added connection com.mysql.cj.jdbc.ConnectionImpl@40140f09
2025-08-20T21:32:33.471+05:30  INFO 18948 --- [crm] [restartedMain] com.zaxxer.hikari.HikariDataSource       : HikariPool-1 - Start completed.
2025-08-20T21:32:33.563+05:30  WARN 18948 --- [crm] [restartedMain] org.hibernate.orm.deprecation            : HHH90000025: MySQL8Dialect does not need to be specified explicitly using 'hibernate.dialect' (remove the property setting and it will be selected by default)
2025-08-20T21:32:33.564+05:30  WARN 18948 --- [crm] [restartedMain] org.hibernate.orm.deprecation            : HHH90000026: MySQL8Dialect has been deprecated; use org.hibernate.dialect.MySQLDialect instead
2025-08-20T21:32:33.584+05:30  INFO 18948 --- [crm] [restartedMain] org.hibernate.orm.connections.pooling    : HHH10001005: Database info:
	Database JDBC URL [Connecting through datasource 'HikariDataSource (HikariPool-1)']
	Database driver: undefined/unknown
	Database version: 8.0
	Autocommit mode: undefined/unknown
	Isolation level: undefined/unknown
	Minimum pool size: undefined/unknown
	Maximum pool size: undefined/unknown
2025-08-20T21:32:35.032+05:30  INFO 18948 --- [crm] [restartedMain] o.h.e.t.j.p.i.JtaPlatformInitiator       : HHH000489: No JTA platform available (set 'hibernate.transaction.jta.platform' to enable JTA platform integration)
2025-08-20T21:32:35.184+05:30  INFO 18948 --- [crm] [restartedMain] j.LocalContainerEntityManagerFactoryBean : Initialized JPA EntityManagerFactory for persistence unit 'default'
2025-08-20T21:32:35.791+05:30  INFO 18948 --- [crm] [restartedMain] o.s.d.j.r.query.QueryEnhancerFactory     : Hibernate is in classpath; If applicable, HQL parser will be used.
2025-08-20T21:32:37.768+05:30  WARN 18948 --- [crm] [restartedMain] JpaBaseConfiguration$JpaWebConfiguration : spring.jpa.open-in-view is enabled by default. Therefore, database queries may be performed during view rendering. Explicitly configure spring.jpa.open-in-view to disable this warning
2025-08-20T21:32:37.928+05:30  INFO 18948 --- [crm] [restartedMain] eAuthenticationProviderManagerConfigurer : Global AuthenticationManager configured with AuthenticationProvider bean with name authenticationProvider
2025-08-20T21:32:37.929+05:30  WARN 18948 --- [crm] [restartedMain] r$InitializeUserDetailsManagerConfigurer : Global AuthenticationManager configured with an AuthenticationProvider bean. UserDetailsService beans will not be used by Spring Security for automatically configuring username/password login. Consider removing the AuthenticationProvider bean. Alternatively, consider using the UserDetailsService in a manually instantiated DaoAuthenticationProvider. If the current configuration is intentional, to turn off this warning, increase the logging level of 'org.springframework.security.config.annotation.authentication.configuration.InitializeUserDetailsBeanManagerConfigurer' to ERROR
2025-08-20T21:32:39.046+05:30  INFO 18948 --- [crm] [restartedMain] o.s.b.d.a.OptionalLiveReloadServer       : LiveReload server is running on port 35729
2025-08-20T21:32:39.115+05:30  INFO 18948 --- [crm] [restartedMain] o.s.b.w.embedded.tomcat.TomcatWebServer  : Tomcat started on port 8080 (http) with context path '/'
2025-08-20T21:32:39.139+05:30  INFO 18948 --- [crm] [restartedMain] c.e.S.SalesManagementSoftwareApplication : Started SalesManagementSoftwareApplication in 11.21 seconds (process running for 11.989)
2025-08-20T21:34:17.506+05:30  INFO 18948 --- [crm] [SpringApplicationShutdownHook] o.s.b.w.e.tomcat.GracefulShutdown        : Commencing graceful shutdown. Waiting for active requests to complete
2025-08-20T21:34:17.526+05:30  INFO 18948 --- [crm] [tomcat-shutdown] o.s.b.w.e.tomcat.GracefulShutdown        : Graceful shutdown complete
2025-08-20T21:34:17.535+05:30  INFO 18948 --- [crm] [SpringApplicationShutdownHook] j.LocalContainerEntityManagerFactoryBean : Closing JPA EntityManagerFactory for persistence unit 'default'
2025-08-20T21:34:17.542+05:30  INFO 18948 --- [crm] [SpringApplicationShutdownHook] com.zaxxer.hikari.HikariDataSource       : HikariPool-1 - Shutdown initiated...
2025-08-20T21:34:17.558+05:30  INFO 18948 --- [crm] [SpringApplicationShutdownHook] com.zaxxer.hikari.HikariDataSource       : HikariPool-1 - Shutdown completed.
2025-08-20T21:45:43.568+05:30  INFO 23716 --- [crm] [restartedMain] c.e.S.SalesManagementSoftwareApplication : Starting SalesManagementSoftwareApplication using Java 21.0.7 with PID 23716 (C:\Users\PULKIT ARORA\Desktop\Project\SalesManagementSoftware\SalesManagementSoftware\target\classes started by PULKIT ARORA in C:\Users\PULKIT ARORA\Desktop\Project\SalesManagementSoftware)
2025-08-20T21:45:43.572+05:30  INFO 23716 --- [crm] [restartedMain] c.e.S.SalesManagementSoftwareApplication : The following 1 profile is active: "dev"
2025-08-20T21:45:43.705+05:30  INFO 23716 --- [crm] [restartedMain] .e.DevToolsPropertyDefaultsPostProcessor : Devtools property defaults active! Set 'spring.devtools.add-properties' to 'false' to disable
2025-08-20T21:45:43.705+05:30  INFO 23716 --- [crm] [restartedMain] .e.DevToolsPropertyDefaultsPostProcessor : For additional web related logging consider setting the 'logging.level.web' property to 'DEBUG'
2025-08-20T21:45:45.216+05:30  INFO 23716 --- [crm] [restartedMain] .s.d.r.c.RepositoryConfigurationDelegate : Bootstrapping Spring Data JPA repositories in DEFAULT mode.
2025-08-20T21:45:45.332+05:30  INFO 23716 --- [crm] [restartedMain] .s.d.r.c.RepositoryConfigurationDelegate : Finished Spring Data repository scanning in 103 ms. Found 4 JPA repository interfaces.
2025-08-20T21:45:46.759+05:30  INFO 23716 --- [crm] [restartedMain] o.s.b.w.embedded.tomcat.TomcatWebServer  : Tomcat initialized with port 8080 (http)
2025-08-20T21:45:46.800+05:30  INFO 23716 --- [crm] [restartedMain] o.apache.catalina.core.StandardService   : Starting service [Tomcat]
2025-08-20T21:45:46.801+05:30  INFO 23716 --- [crm] [restartedMain] o.apache.catalina.core.StandardEngine    : Starting Servlet engine: [Apache Tomcat/10.1.42]
2025-08-20T21:45:46.900+05:30  INFO 23716 --- [crm] [restartedMain] o.a.c.c.C.[Tomcat].[localhost].[/]       : Initializing Spring embedded WebApplicationContext
2025-08-20T21:45:46.901+05:30  INFO 23716 --- [crm] [restartedMain] w.s.c.ServletWebServerApplicationContext : Root WebApplicationContext: initialization completed in 3195 ms
2025-08-20T21:45:47.273+05:30  INFO 23716 --- [crm] [restartedMain] o.hibernate.jpa.internal.util.LogHelper  : HHH000204: Processing PersistenceUnitInfo [name: default]
2025-08-20T21:45:47.411+05:30  INFO 23716 --- [crm] [restartedMain] org.hibernate.Version                    : HHH000412: Hibernate ORM core version 6.6.18.Final
2025-08-20T21:45:47.456+05:30  INFO 23716 --- [crm] [restartedMain] o.h.c.internal.RegionFactoryInitiator    : HHH000026: Second-level cache disabled
2025-08-20T21:45:47.945+05:30  INFO 23716 --- [crm] [restartedMain] o.s.o.j.p.SpringPersistenceUnitInfo      : No LoadTimeWeaver setup: ignoring JPA class transformer
2025-08-20T21:45:47.998+05:30  INFO 23716 --- [crm] [restartedMain] com.zaxxer.hikari.HikariDataSource       : HikariPool-1 - Starting...
2025-08-20T21:45:48.497+05:30  INFO 23716 --- [crm] [restartedMain] com.zaxxer.hikari.pool.HikariPool        : HikariPool-1 - Added connection com.mysql.cj.jdbc.ConnectionImpl@1ccda418
2025-08-20T21:45:48.499+05:30  INFO 23716 --- [crm] [restartedMain] com.zaxxer.hikari.HikariDataSource       : HikariPool-1 - Start completed.
2025-08-20T21:45:48.578+05:30  WARN 23716 --- [crm] [restartedMain] org.hibernate.orm.deprecation            : HHH90000025: MySQL8Dialect does not need to be specified explicitly using 'hibernate.dialect' (remove the property setting and it will be selected by default)
2025-08-20T21:45:48.579+05:30  WARN 23716 --- [crm] [restartedMain] org.hibernate.orm.deprecation            : HHH90000026: MySQL8Dialect has been deprecated; use org.hibernate.dialect.MySQLDialect instead
2025-08-20T21:45:48.600+05:30  INFO 23716 --- [crm] [restartedMain] org.hibernate.orm.connections.pooling    : HHH10001005: Database info:
	Database JDBC URL [Connecting through datasource 'HikariDataSource (HikariPool-1)']
	Database driver: undefined/unknown
	Database version: 8.0
	Autocommit mode: undefined/unknown
	Isolation level: undefined/unknown
	Minimum pool size: undefined/unknown
	Maximum pool size: undefined/unknown
2025-08-20T21:45:50.040+05:30  INFO 23716 --- [crm] [restartedMain] o.h.e.t.j.p.i.JtaPlatformInitiator       : HHH000489: No JTA platform available (set 'hibernate.transaction.jta.platform' to enable JTA platform integration)
2025-08-20T21:45:50.176+05:30  INFO 23716 --- [crm] [restartedMain] j.LocalContainerEntityManagerFactoryBean : Initialized JPA EntityManagerFactory for persistence unit 'default'
2025-08-20T21:45:50.806+05:30  INFO 23716 --- [crm] [restartedMain] o.s.d.j.r.query.QueryEnhancerFactory     : Hibernate is in classpath; If applicable, HQL parser will be used.
2025-08-20T21:45:52.576+05:30  WARN 23716 --- [crm] [restartedMain] JpaBaseConfiguration$JpaWebConfiguration : spring.jpa.open-in-view is enabled by default. Therefore, database queries may be performed during view rendering. Explicitly configure spring.jpa.open-in-view to disable this warning
2025-08-20T21:45:52.732+05:30  INFO 23716 --- [crm] [restartedMain] eAuthenticationProviderManagerConfigurer : Global AuthenticationManager configured with AuthenticationProvider bean with name authenticationProvider
2025-08-20T21:45:52.733+05:30  WARN 23716 --- [crm] [restartedMain] r$InitializeUserDetailsManagerConfigurer : Global AuthenticationManager configured with an AuthenticationProvider bean. UserDetailsService beans will not be used by Spring Security for automatically configuring username/password login. Consider removing the AuthenticationProvider bean. Alternatively, consider using the UserDetailsService in a manually instantiated DaoAuthenticationProvider. If the current configuration is intentional, to turn off this warning, increase the logging level of 'org.springframework.security.config.annotation.authentication.configuration.InitializeUserDetailsBeanManagerConfigurer' to ERROR
2025-08-20T21:45:53.793+05:30  INFO 23716 --- [crm] [restartedMain] o.s.b.d.a.OptionalLiveReloadServer       : LiveReload server is running on port 35729
2025-08-20T21:45:53.833+05:30  INFO 23716 --- [crm] [restartedMain] o.s.b.w.embedded.tomcat.TomcatWebServer  : Tomcat started on port 8080 (http) with context path '/'
2025-08-20T21:45:53.848+05:30  INFO 23716 --- [crm] [restartedMain] c.e.S.SalesManagementSoftwareApplication : Started SalesManagementSoftwareApplication in 11.188 seconds (process running for 11.953)
2025-08-20T21:46:31.883+05:30  INFO 23716 --- [crm] [File Watcher] rtingClassPathChangeChangedEventListener : Restarting due to 41 class path changes (0 additions, 41 deletions, 0 modifications)
2025-08-20T21:46:31.889+05:30  INFO 23716 --- [crm] [Thread-5] o.s.b.w.e.tomcat.GracefulShutdown        : Commencing graceful shutdown. Waiting for active requests to complete
2025-08-20T21:46:31.902+05:30  INFO 23716 --- [crm] [tomcat-shutdown] o.s.b.w.e.tomcat.GracefulShutdown        : Graceful shutdown complete
2025-08-20T21:46:31.911+05:30  INFO 23716 --- [crm] [Thread-5] j.LocalContainerEntityManagerFactoryBean : Closing JPA EntityManagerFactory for persistence unit 'default'
2025-08-20T21:46:31.919+05:30  INFO 23716 --- [crm] [Thread-5] com.zaxxer.hikari.HikariDataSource       : HikariPool-1 - Shutdown initiated...
2025-08-20T21:46:31.936+05:30  INFO 23716 --- [crm] [Thread-5] com.zaxxer.hikari.HikariDataSource       : HikariPool-1 - Shutdown completed.
2025-08-20T21:46:32.102+05:30  INFO 23716 --- [crm] [restartedMain] c.e.S.SalesManagementSoftwareApplication : Starting SalesManagementSoftwareApplication using Java 21.0.7 with PID 23716 (C:\Users\PULKIT ARORA\Desktop\Project\SalesManagementSoftware\SalesManagementSoftware\target\classes started by PULKIT ARORA in C:\Users\PULKIT ARORA\Desktop\Project\SalesManagementSoftware)
2025-08-20T21:46:32.103+05:30  INFO 23716 --- [crm] [restartedMain] c.e.S.SalesManagementSoftwareApplication : The following 1 profile is active: "dev"
2025-08-20T21:46:32.649+05:30  INFO 23716 --- [crm] [restartedMain] .s.d.r.c.RepositoryConfigurationDelegate : Bootstrapping Spring Data JPA repositories in DEFAULT mode.
2025-08-20T21:46:32.660+05:30  INFO 23716 --- [crm] [restartedMain] .s.d.r.c.RepositoryConfigurationDelegate : Finished Spring Data repository scanning in 7 ms. Found 0 JPA repository interfaces.
2025-08-20T21:46:32.824+05:30  INFO 23716 --- [crm] [restartedMain] o.s.b.w.embedded.tomcat.TomcatWebServer  : Tomcat initialized with port 8080 (http)
2025-08-20T21:46:32.826+05:30  INFO 23716 --- [crm] [restartedMain] o.apache.catalina.core.StandardService   : Starting service [Tomcat]
2025-08-20T21:46:32.826+05:30  INFO 23716 --- [crm] [restartedMain] o.apache.catalina.core.StandardEngine    : Starting Servlet engine: [Apache Tomcat/10.1.42]
2025-08-20T21:46:32.869+05:30  INFO 23716 --- [crm] [restartedMain] o.a.c.c.C.[Tomcat].[localhost].[/]       : Initializing Spring embedded WebApplicationContext
2025-08-20T21:46:32.870+05:30  INFO 23716 --- [crm] [restartedMain] w.s.c.ServletWebServerApplicationContext : Root WebApplicationContext: initialization completed in 762 ms
2025-08-20T21:46:32.926+05:30  INFO 23716 --- [crm] [restartedMain] o.hibernate.jpa.internal.util.LogHelper  : HHH000204: Processing PersistenceUnitInfo [name: default]
2025-08-20T21:46:32.930+05:30  INFO 23716 --- [crm] [restartedMain] o.h.c.internal.RegionFactoryInitiator    : HHH000026: Second-level cache disabled
2025-08-20T21:46:32.943+05:30  INFO 23716 --- [crm] [restartedMain] o.s.o.j.p.SpringPersistenceUnitInfo      : No LoadTimeWeaver setup: ignoring JPA class transformer
2025-08-20T21:46:32.945+05:30  INFO 23716 --- [crm] [restartedMain] com.zaxxer.hikari.HikariDataSource       : HikariPool-2 - Starting...
2025-08-20T21:46:32.970+05:30  INFO 23716 --- [crm] [restartedMain] com.zaxxer.hikari.pool.HikariPool        : HikariPool-2 - Added connection com.mysql.cj.jdbc.ConnectionImpl@520c80bb
2025-08-20T21:46:32.971+05:30  INFO 23716 --- [crm] [restartedMain] com.zaxxer.hikari.HikariDataSource       : HikariPool-2 - Start completed.
2025-08-20T21:46:32.971+05:30  WARN 23716 --- [crm] [restartedMain] org.hibernate.orm.deprecation            : HHH90000025: MySQL8Dialect does not need to be specified explicitly using 'hibernate.dialect' (remove the property setting and it will be selected by default)
2025-08-20T21:46:32.972+05:30  WARN 23716 --- [crm] [restartedMain] org.hibernate.orm.deprecation            : HHH90000026: MySQL8Dialect has been deprecated; use org.hibernate.dialect.MySQLDialect instead
2025-08-20T21:46:32.972+05:30  INFO 23716 --- [crm] [restartedMain] org.hibernate.orm.connections.pooling    : HHH10001005: Database info:
	Database JDBC URL [Connecting through datasource 'HikariDataSource (HikariPool-2)']
	Database driver: undefined/unknown
	Database version: 8.0
	Autocommit mode: undefined/unknown
	Isolation level: undefined/unknown
	Minimum pool size: undefined/unknown
	Maximum pool size: undefined/unknown
2025-08-20T21:46:32.996+05:30  INFO 23716 --- [crm] [restartedMain] o.h.e.t.j.p.i.JtaPlatformInitiator       : HHH000489: No JTA platform available (set 'hibernate.transaction.jta.platform' to enable JTA platform integration)
2025-08-20T21:46:32.996+05:30  INFO 23716 --- [crm] [restartedMain] j.LocalContainerEntityManagerFactoryBean : Initialized JPA EntityManagerFactory for persistence unit 'default'
2025-08-20T21:46:33.023+05:30  WARN 23716 --- [crm] [restartedMain] JpaBaseConfiguration$JpaWebConfiguration : spring.jpa.open-in-view is enabled by default. Therefore, database queries may be performed during view rendering. Explicitly configure spring.jpa.open-in-view to disable this warning
2025-08-20T21:46:33.295+05:30  INFO 23716 --- [crm] [restartedMain] o.s.b.d.a.OptionalLiveReloadServer       : LiveReload server is running on port 35729
2025-08-20T21:46:33.306+05:30  INFO 23716 --- [crm] [restartedMain] o.s.b.w.embedded.tomcat.TomcatWebServer  : Tomcat started on port 8080 (http) with context path '/'
2025-08-20T21:46:33.312+05:30  INFO 23716 --- [crm] [restartedMain] c.e.S.SalesManagementSoftwareApplication : Started SalesManagementSoftwareApplication in 1.273 seconds (process running for 51.416)
2025-08-20T21:46:33.320+05:30  INFO 23716 --- [crm] [restartedMain] .ConditionEvaluationDeltaLoggingListener : Condition evaluation delta:


==========================
CONDITION EVALUATION DELTA
==========================


Positive matches:
-----------------

   OAuth2ClientWebSecurityAutoConfiguration.OAuth2SecurityFilterChainConfiguration matched:
      - AllNestedConditions 2 matched 0 did not; NestedCondition on DefaultWebSecurityCondition.Beans @ConditionalOnMissingBean (types: org.springframework.security.web.SecurityFilterChain; SearchStrategy: all) did not find any beans; NestedCondition on DefaultWebSecurityCondition.Classes @ConditionalOnClass found required classes 'org.springframework.security.web.SecurityFilterChain', 'org.springframework.security.config.annotation.web.builders.HttpSecurity' (DefaultWebSecurityCondition)


Negative matches:
-----------------

    None


Exclusions:
-----------

    None


Unconditional classes:
----------------------

    None



2025-08-20T21:46:36.266+05:30  INFO 23716 --- [crm] [File Watcher] rtingClassPathChangeChangedEventListener : Restarting due to 41 class path changes (41 additions, 0 deletions, 0 modifications)
2025-08-20T21:46:36.268+05:30  INFO 23716 --- [crm] [Thread-7] o.s.b.w.e.tomcat.GracefulShutdown        : Commencing graceful shutdown. Waiting for active requests to complete
2025-08-20T21:46:36.288+05:30  INFO 23716 --- [crm] [tomcat-shutdown] o.s.b.w.e.tomcat.GracefulShutdown        : Graceful shutdown complete
2025-08-20T21:46:36.292+05:30  INFO 23716 --- [crm] [Thread-7] j.LocalContainerEntityManagerFactoryBean : Closing JPA EntityManagerFactory for persistence unit 'default'
2025-08-20T21:46:36.294+05:30  INFO 23716 --- [crm] [Thread-7] com.zaxxer.hikari.HikariDataSource       : HikariPool-2 - Shutdown initiated...
2025-08-20T21:46:36.308+05:30  INFO 23716 --- [crm] [Thread-7] com.zaxxer.hikari.HikariDataSource       : HikariPool-2 - Shutdown completed.
2025-08-20T21:46:36.454+05:30  INFO 23716 --- [crm] [restartedMain] c.e.S.SalesManagementSoftwareApplication : Starting SalesManagementSoftwareApplication using Java 21.0.7 with PID 23716 (C:\Users\PULKIT ARORA\Desktop\Project\SalesManagementSoftware\SalesManagementSoftware\target\classes started by PULKIT ARORA in C:\Users\PULKIT ARORA\Desktop\Project\SalesManagementSoftware)
2025-08-20T21:46:36.454+05:30  INFO 23716 --- [crm] [restartedMain] c.e.S.SalesManagementSoftwareApplication : The following 1 profile is active: "dev"
2025-08-20T21:46:36.861+05:30  INFO 23716 --- [crm] [restartedMain] .s.d.r.c.RepositoryConfigurationDelegate : Bootstrapping Spring Data JPA repositories in DEFAULT mode.
2025-08-20T21:46:36.901+05:30  INFO 23716 --- [crm] [restartedMain] .s.d.r.c.RepositoryConfigurationDelegate : Finished Spring Data repository scanning in 39 ms. Found 4 JPA repository interfaces.
2025-08-20T21:46:37.065+05:30  INFO 23716 --- [crm] [restartedMain] o.s.b.w.embedded.tomcat.TomcatWebServer  : Tomcat initialized with port 8080 (http)
2025-08-20T21:46:37.067+05:30  INFO 23716 --- [crm] [restartedMain] o.apache.catalina.core.StandardService   : Starting service [Tomcat]
2025-08-20T21:46:37.068+05:30  INFO 23716 --- [crm] [restartedMain] o.apache.catalina.core.StandardEngine    : Starting Servlet engine: [Apache Tomcat/10.1.42]
2025-08-20T21:46:37.112+05:30  INFO 23716 --- [crm] [restartedMain] o.a.c.c.C.[Tomcat].[localhost].[/]       : Initializing Spring embedded WebApplicationContext
2025-08-20T21:46:37.112+05:30  INFO 23716 --- [crm] [restartedMain] w.s.c.ServletWebServerApplicationContext : Root WebApplicationContext: initialization completed in 652 ms
2025-08-20T21:46:37.163+05:30  INFO 23716 --- [crm] [restartedMain] o.hibernate.jpa.internal.util.LogHelper  : HHH000204: Processing PersistenceUnitInfo [name: default]
2025-08-20T21:46:37.167+05:30  INFO 23716 --- [crm] [restartedMain] o.h.c.internal.RegionFactoryInitiator    : HHH000026: Second-level cache disabled
2025-08-20T21:46:37.182+05:30  INFO 23716 --- [crm] [restartedMain] o.s.o.j.p.SpringPersistenceUnitInfo      : No LoadTimeWeaver setup: ignoring JPA class transformer
2025-08-20T21:46:37.184+05:30  INFO 23716 --- [crm] [restartedMain] com.zaxxer.hikari.HikariDataSource       : HikariPool-3 - Starting...
2025-08-20T21:46:37.210+05:30  INFO 23716 --- [crm] [restartedMain] com.zaxxer.hikari.pool.HikariPool        : HikariPool-3 - Added connection com.mysql.cj.jdbc.ConnectionImpl@4d4e62d9
2025-08-20T21:46:37.210+05:30  INFO 23716 --- [crm] [restartedMain] com.zaxxer.hikari.HikariDataSource       : HikariPool-3 - Start completed.
2025-08-20T21:46:37.211+05:30  WARN 23716 --- [crm] [restartedMain] org.hibernate.orm.deprecation            : HHH90000025: MySQL8Dialect does not need to be specified explicitly using 'hibernate.dialect' (remove the property setting and it will be selected by default)
2025-08-20T21:46:37.211+05:30  WARN 23716 --- [crm] [restartedMain] org.hibernate.orm.deprecation            : HHH90000026: MySQL8Dialect has been deprecated; use org.hibernate.dialect.MySQLDialect instead
2025-08-20T21:46:37.212+05:30  INFO 23716 --- [crm] [restartedMain] org.hibernate.orm.connections.pooling    : HHH10001005: Database info:
	Database JDBC URL [Connecting through datasource 'HikariDataSource (HikariPool-3)']
	Database driver: undefined/unknown
	Database version: 8.0
	Autocommit mode: undefined/unknown
	Isolation level: undefined/unknown
	Minimum pool size: undefined/unknown
	Maximum pool size: undefined/unknown
2025-08-20T21:46:37.467+05:30  INFO 23716 --- [crm] [restartedMain] o.h.e.t.j.p.i.JtaPlatformInitiator       : HHH000489: No JTA platform available (set 'hibernate.transaction.jta.platform' to enable JTA platform integration)
2025-08-20T21:46:37.551+05:30  INFO 23716 --- [crm] [restartedMain] j.LocalContainerEntityManagerFactoryBean : Initialized JPA EntityManagerFactory for persistence unit 'default'
2025-08-20T21:46:37.855+05:30  WARN 23716 --- [crm] [restartedMain] JpaBaseConfiguration$JpaWebConfiguration : spring.jpa.open-in-view is enabled by default. Therefore, database queries may be performed during view rendering. Explicitly configure spring.jpa.open-in-view to disable this warning
2025-08-20T21:46:37.884+05:30  INFO 23716 --- [crm] [restartedMain] eAuthenticationProviderManagerConfigurer : Global AuthenticationManager configured with AuthenticationProvider bean with name authenticationProvider
2025-08-20T21:46:37.885+05:30  WARN 23716 --- [crm] [restartedMain] r$InitializeUserDetailsManagerConfigurer : Global AuthenticationManager configured with an AuthenticationProvider bean. UserDetailsService beans will not be used by Spring Security for automatically configuring username/password login. Consider removing the AuthenticationProvider bean. Alternatively, consider using the UserDetailsService in a manually instantiated DaoAuthenticationProvider. If the current configuration is intentional, to turn off this warning, increase the logging level of 'org.springframework.security.config.annotation.authentication.configuration.InitializeUserDetailsBeanManagerConfigurer' to ERROR
2025-08-20T21:46:38.105+05:30  INFO 23716 --- [crm] [restartedMain] o.s.b.d.a.OptionalLiveReloadServer       : LiveReload server is running on port 35729
2025-08-20T21:46:38.119+05:30  INFO 23716 --- [crm] [restartedMain] o.s.b.w.embedded.tomcat.TomcatWebServer  : Tomcat started on port 8080 (http) with context path '/'
2025-08-20T21:46:38.126+05:30  INFO 23716 --- [crm] [restartedMain] c.e.S.SalesManagementSoftwareApplication : Started SalesManagementSoftwareApplication in 1.73 seconds (process running for 56.23)
2025-08-20T21:46:38.128+05:30  INFO 23716 --- [crm] [restartedMain] .ConditionEvaluationDeltaLoggingListener : Condition evaluation delta:


==========================
CONDITION EVALUATION DELTA
==========================


Positive matches:
-----------------

    None


Negative matches:
-----------------

   OAuth2ClientWebSecurityAutoConfiguration.OAuth2SecurityFilterChainConfiguration:
      Did not match:
         - AllNestedConditions 1 matched 1 did not; NestedCondition on DefaultWebSecurityCondition.Beans @ConditionalOnMissingBean (types: org.springframework.security.web.SecurityFilterChain; SearchStrategy: all) found beans of type 'org.springframework.security.web.SecurityFilterChain' securityFilterChain; NestedCondition on DefaultWebSecurityCondition.Classes @ConditionalOnClass found required classes 'org.springframework.security.web.SecurityFilterChain', 'org.springframework.security.config.annotation.web.builders.HttpSecurity' (DefaultWebSecurityCondition)


Exclusions:
-----------

    None


Unconditional classes:
----------------------

    None



2025-08-20T22:03:24.826+05:30  INFO 18868 --- [crm] [restartedMain] c.e.S.SalesManagementSoftwareApplication : Starting SalesManagementSoftwareApplication using Java 21.0.7 with PID 18868 (C:\Users\PULKIT ARORA\Desktop\Project\SalesManagementSoftware\SalesManagementSoftware\target\classes started by PULKIT ARORA in C:\Users\PULKIT ARORA\Desktop\Project\SalesManagementSoftware)
2025-08-20T22:03:24.826+05:30  INFO 18868 --- [crm] [restartedMain] c.e.S.SalesManagementSoftwareApplication : The following 1 profile is active: "dev"
2025-08-20T22:03:24.938+05:30  INFO 18868 --- [crm] [restartedMain] .e.DevToolsPropertyDefaultsPostProcessor : Devtools property defaults active! Set 'spring.devtools.add-properties' to 'false' to disable
2025-08-20T22:03:24.940+05:30  INFO 18868 --- [crm] [restartedMain] .e.DevToolsPropertyDefaultsPostProcessor : For additional web related logging consider setting the 'logging.level.web' property to 'DEBUG'
2025-08-20T22:03:26.384+05:30  INFO 18868 --- [crm] [restartedMain] .s.d.r.c.RepositoryConfigurationDelegate : Bootstrapping Spring Data JPA repositories in DEFAULT mode.
2025-08-20T22:03:26.503+05:30  INFO 18868 --- [crm] [restartedMain] .s.d.r.c.RepositoryConfigurationDelegate : Finished Spring Data repository scanning in 107 ms. Found 4 JPA repository interfaces.
2025-08-20T22:03:27.820+05:30  INFO 18868 --- [crm] [restartedMain] o.s.b.w.embedded.tomcat.TomcatWebServer  : Tomcat initialized with port 8080 (http)
2025-08-20T22:03:27.851+05:30  INFO 18868 --- [crm] [restartedMain] o.apache.catalina.core.StandardService   : Starting service [Tomcat]
2025-08-20T22:03:27.851+05:30  INFO 18868 --- [crm] [restartedMain] o.apache.catalina.core.StandardEngine    : Starting Servlet engine: [Apache Tomcat/10.1.42]
2025-08-20T22:03:27.959+05:30  INFO 18868 --- [crm] [restartedMain] o.a.c.c.C.[Tomcat].[localhost].[/]       : Initializing Spring embedded WebApplicationContext
2025-08-20T22:03:27.959+05:30  INFO 18868 --- [crm] [restartedMain] w.s.c.ServletWebServerApplicationContext : Root WebApplicationContext: initialization completed in 3019 ms
2025-08-20T22:03:28.337+05:30  INFO 18868 --- [crm] [restartedMain] o.hibernate.jpa.internal.util.LogHelper  : HHH000204: Processing PersistenceUnitInfo [name: default]
2025-08-20T22:03:28.474+05:30  INFO 18868 --- [crm] [restartedMain] org.hibernate.Version                    : HHH000412: Hibernate ORM core version 6.6.18.Final
2025-08-20T22:03:28.532+05:30  INFO 18868 --- [crm] [restartedMain] o.h.c.internal.RegionFactoryInitiator    : HHH000026: Second-level cache disabled
2025-08-20T22:03:29.036+05:30  INFO 18868 --- [crm] [restartedMain] o.s.o.j.p.SpringPersistenceUnitInfo      : No LoadTimeWeaver setup: ignoring JPA class transformer
2025-08-20T22:03:29.069+05:30  INFO 18868 --- [crm] [restartedMain] com.zaxxer.hikari.HikariDataSource       : HikariPool-1 - Starting...
2025-08-20T22:03:29.752+05:30  INFO 18868 --- [crm] [restartedMain] com.zaxxer.hikari.pool.HikariPool        : HikariPool-1 - Added connection com.mysql.cj.jdbc.ConnectionImpl@1ccda418
2025-08-20T22:03:29.754+05:30  INFO 18868 --- [crm] [restartedMain] com.zaxxer.hikari.HikariDataSource       : HikariPool-1 - Start completed.
2025-08-20T22:03:29.839+05:30  WARN 18868 --- [crm] [restartedMain] org.hibernate.orm.deprecation            : HHH90000025: MySQL8Dialect does not need to be specified explicitly using 'hibernate.dialect' (remove the property setting and it will be selected by default)
2025-08-20T22:03:29.843+05:30  WARN 18868 --- [crm] [restartedMain] org.hibernate.orm.deprecation            : HHH90000026: MySQL8Dialect has been deprecated; use org.hibernate.dialect.MySQLDialect instead
2025-08-20T22:03:29.868+05:30  INFO 18868 --- [crm] [restartedMain] org.hibernate.orm.connections.pooling    : HHH10001005: Database info:
	Database JDBC URL [Connecting through datasource 'HikariDataSource (HikariPool-1)']
	Database driver: undefined/unknown
	Database version: 8.0
	Autocommit mode: undefined/unknown
	Isolation level: undefined/unknown
	Minimum pool size: undefined/unknown
	Maximum pool size: undefined/unknown
2025-08-20T22:03:31.299+05:30  INFO 18868 --- [crm] [restartedMain] o.h.e.t.j.p.i.JtaPlatformInitiator       : HHH000489: No JTA platform available (set 'hibernate.transaction.jta.platform' to enable JTA platform integration)
2025-08-20T22:03:31.485+05:30  INFO 18868 --- [crm] [restartedMain] j.LocalContainerEntityManagerFactoryBean : Initialized JPA EntityManagerFactory for persistence unit 'default'
2025-08-20T22:03:32.204+05:30  INFO 18868 --- [crm] [restartedMain] o.s.d.j.r.query.QueryEnhancerFactory     : Hibernate is in classpath; If applicable, HQL parser will be used.
2025-08-20T22:03:34.282+05:30  WARN 18868 --- [crm] [restartedMain] JpaBaseConfiguration$JpaWebConfiguration : spring.jpa.open-in-view is enabled by default. Therefore, database queries may be performed during view rendering. Explicitly configure spring.jpa.open-in-view to disable this warning
2025-08-20T22:03:34.436+05:30  INFO 18868 --- [crm] [restartedMain] eAuthenticationProviderManagerConfigurer : Global AuthenticationManager configured with AuthenticationProvider bean with name authenticationProvider
2025-08-20T22:03:34.436+05:30  WARN 18868 --- [crm] [restartedMain] r$InitializeUserDetailsManagerConfigurer : Global AuthenticationManager configured with an AuthenticationProvider bean. UserDetailsService beans will not be used by Spring Security for automatically configuring username/password login. Consider removing the AuthenticationProvider bean. Alternatively, consider using the UserDetailsService in a manually instantiated DaoAuthenticationProvider. If the current configuration is intentional, to turn off this warning, increase the logging level of 'org.springframework.security.config.annotation.authentication.configuration.InitializeUserDetailsBeanManagerConfigurer' to ERROR
2025-08-20T22:03:35.669+05:30  INFO 18868 --- [crm] [restartedMain] o.s.b.d.a.OptionalLiveReloadServer       : LiveReload server is running on port 35729
2025-08-20T22:03:35.766+05:30  INFO 18868 --- [crm] [restartedMain] o.s.b.w.embedded.tomcat.TomcatWebServer  : Tomcat started on port 8080 (http) with context path '/'
2025-08-20T22:03:35.792+05:30  INFO 18868 --- [crm] [restartedMain] c.e.S.SalesManagementSoftwareApplication : Started SalesManagementSoftwareApplication in 11.884 seconds (process running for 12.739)
2025-08-20T22:06:09.436+05:30  INFO 18868 --- [crm] [File Watcher] rtingClassPathChangeChangedEventListener : Restarting due to 43 class path changes (0 additions, 41 deletions, 2 modifications)
2025-08-20T22:06:09.449+05:30  INFO 18868 --- [crm] [Thread-5] o.s.b.w.e.tomcat.GracefulShutdown        : Commencing graceful shutdown. Waiting for active requests to complete
2025-08-20T22:06:09.461+05:30  INFO 18868 --- [crm] [tomcat-shutdown] o.s.b.w.e.tomcat.GracefulShutdown        : Graceful shutdown complete
2025-08-20T22:06:09.470+05:30  INFO 18868 --- [crm] [Thread-5] j.LocalContainerEntityManagerFactoryBean : Closing JPA EntityManagerFactory for persistence unit 'default'
2025-08-20T22:06:09.478+05:30  INFO 18868 --- [crm] [Thread-5] com.zaxxer.hikari.HikariDataSource       : HikariPool-1 - Shutdown initiated...
2025-08-20T22:06:09.494+05:30  INFO 18868 --- [crm] [Thread-5] com.zaxxer.hikari.HikariDataSource       : HikariPool-1 - Shutdown completed.
2025-08-20T22:06:09.657+05:30  INFO 18868 --- [crm] [restartedMain] c.e.S.SalesManagementSoftwareApplication : Starting SalesManagementSoftwareApplication using Java 21.0.7 with PID 18868 (C:\Users\PULKIT ARORA\Desktop\Project\SalesManagementSoftware\SalesManagementSoftware\target\classes started by PULKIT ARORA in C:\Users\PULKIT ARORA\Desktop\Project\SalesManagementSoftware)
2025-08-20T22:06:09.657+05:30  INFO 18868 --- [crm] [restartedMain] c.e.S.SalesManagementSoftwareApplication : The following 1 profile is active: "dev"
2025-08-20T22:06:10.021+05:30  INFO 18868 --- [crm] [restartedMain] .s.d.r.c.RepositoryConfigurationDelegate : Bootstrapping Spring Data JPA repositories in DEFAULT mode.
2025-08-20T22:06:10.028+05:30  INFO 18868 --- [crm] [restartedMain] .s.d.r.c.RepositoryConfigurationDelegate : Finished Spring Data repository scanning in 5 ms. Found 0 JPA repository interfaces.
2025-08-20T22:06:10.271+05:30  INFO 18868 --- [crm] [restartedMain] o.s.b.w.embedded.tomcat.TomcatWebServer  : Tomcat initialized with port 8080 (http)
2025-08-20T22:06:10.275+05:30  INFO 18868 --- [crm] [restartedMain] o.apache.catalina.core.StandardService   : Starting service [Tomcat]
2025-08-20T22:06:10.275+05:30  INFO 18868 --- [crm] [restartedMain] o.apache.catalina.core.StandardEngine    : Starting Servlet engine: [Apache Tomcat/10.1.42]
2025-08-20T22:06:10.339+05:30  INFO 18868 --- [crm] [restartedMain] o.a.c.c.C.[Tomcat].[localhost].[/]       : Initializing Spring embedded WebApplicationContext
2025-08-20T22:06:10.339+05:30  INFO 18868 --- [crm] [restartedMain] w.s.c.ServletWebServerApplicationContext : Root WebApplicationContext: initialization completed in 678 ms
2025-08-20T22:06:10.418+05:30  INFO 18868 --- [crm] [restartedMain] o.hibernate.jpa.internal.util.LogHelper  : HHH000204: Processing PersistenceUnitInfo [name: default]
2025-08-20T22:06:10.425+05:30  INFO 18868 --- [crm] [restartedMain] o.h.c.internal.RegionFactoryInitiator    : HHH000026: Second-level cache disabled
2025-08-20T22:06:10.445+05:30  INFO 18868 --- [crm] [restartedMain] o.s.o.j.p.SpringPersistenceUnitInfo      : No LoadTimeWeaver setup: ignoring JPA class transformer
2025-08-20T22:06:10.447+05:30  INFO 18868 --- [crm] [restartedMain] com.zaxxer.hikari.HikariDataSource       : HikariPool-2 - Starting...
2025-08-20T22:06:10.473+05:30  INFO 18868 --- [crm] [restartedMain] com.zaxxer.hikari.pool.HikariPool        : HikariPool-2 - Added connection com.mysql.cj.jdbc.ConnectionImpl@7031842b
2025-08-20T22:06:10.479+05:30  INFO 18868 --- [crm] [restartedMain] com.zaxxer.hikari.HikariDataSource       : HikariPool-2 - Start completed.
2025-08-20T22:06:10.481+05:30  WARN 18868 --- [crm] [restartedMain] org.hibernate.orm.deprecation            : HHH90000025: MySQL8Dialect does not need to be specified explicitly using 'hibernate.dialect' (remove the property setting and it will be selected by default)
2025-08-20T22:06:10.481+05:30  WARN 18868 --- [crm] [restartedMain] org.hibernate.orm.deprecation            : HHH90000026: MySQL8Dialect has been deprecated; use org.hibernate.dialect.MySQLDialect instead
2025-08-20T22:06:10.481+05:30  INFO 18868 --- [crm] [restartedMain] org.hibernate.orm.connections.pooling    : HHH10001005: Database info:
	Database JDBC URL [Connecting through datasource 'HikariDataSource (HikariPool-2)']
	Database driver: undefined/unknown
	Database version: 8.0
	Autocommit mode: undefined/unknown
	Isolation level: undefined/unknown
	Minimum pool size: undefined/unknown
	Maximum pool size: undefined/unknown
2025-08-20T22:06:10.521+05:30  INFO 18868 --- [crm] [restartedMain] o.h.e.t.j.p.i.JtaPlatformInitiator       : HHH000489: No JTA platform available (set 'hibernate.transaction.jta.platform' to enable JTA platform integration)
2025-08-20T22:06:10.521+05:30  INFO 18868 --- [crm] [restartedMain] j.LocalContainerEntityManagerFactoryBean : Initialized JPA EntityManagerFactory for persistence unit 'default'
2025-08-20T22:06:10.570+05:30  WARN 18868 --- [crm] [restartedMain] JpaBaseConfiguration$JpaWebConfiguration : spring.jpa.open-in-view is enabled by default. Therefore, database queries may be performed during view rendering. Explicitly configure spring.jpa.open-in-view to disable this warning
2025-08-20T22:06:10.903+05:30  INFO 18868 --- [crm] [restartedMain] o.s.b.d.a.OptionalLiveReloadServer       : LiveReload server is running on port 35729
2025-08-20T22:06:10.911+05:30  INFO 18868 --- [crm] [restartedMain] o.s.b.w.embedded.tomcat.TomcatWebServer  : Tomcat started on port 8080 (http) with context path '/'
2025-08-20T22:06:10.921+05:30  INFO 18868 --- [crm] [restartedMain] c.e.S.SalesManagementSoftwareApplication : Started SalesManagementSoftwareApplication in 1.341 seconds (process running for 167.868)
2025-08-20T22:06:10.931+05:30  INFO 18868 --- [crm] [restartedMain] .ConditionEvaluationDeltaLoggingListener : Condition evaluation delta:


==========================
CONDITION EVALUATION DELTA
==========================


Positive matches:
-----------------

   OAuth2ClientWebSecurityAutoConfiguration.OAuth2SecurityFilterChainConfiguration matched:
      - AllNestedConditions 2 matched 0 did not; NestedCondition on DefaultWebSecurityCondition.Beans @ConditionalOnMissingBean (types: org.springframework.security.web.SecurityFilterChain; SearchStrategy: all) did not find any beans; NestedCondition on DefaultWebSecurityCondition.Classes @ConditionalOnClass found required classes 'org.springframework.security.web.SecurityFilterChain', 'org.springframework.security.config.annotation.web.builders.HttpSecurity' (DefaultWebSecurityCondition)


Negative matches:
-----------------

    None


Exclusions:
-----------

    None


Unconditional classes:
----------------------

    None



2025-08-20T22:06:14.249+05:30  INFO 18868 --- [crm] [File Watcher] rtingClassPathChangeChangedEventListener : Restarting due to 41 class path changes (41 additions, 0 deletions, 0 modifications)
2025-08-20T22:06:14.249+05:30  INFO 18868 --- [crm] [Thread-7] o.s.b.w.e.tomcat.GracefulShutdown        : Commencing graceful shutdown. Waiting for active requests to complete
2025-08-20T22:06:14.257+05:30  INFO 18868 --- [crm] [tomcat-shutdown] o.s.b.w.e.tomcat.GracefulShutdown        : Graceful shutdown complete
2025-08-20T22:06:14.257+05:30  INFO 18868 --- [crm] [Thread-7] j.LocalContainerEntityManagerFactoryBean : Closing JPA EntityManagerFactory for persistence unit 'default'
2025-08-20T22:06:14.257+05:30  INFO 18868 --- [crm] [Thread-7] com.zaxxer.hikari.HikariDataSource       : HikariPool-2 - Shutdown initiated...
2025-08-20T22:06:14.268+05:30  INFO 18868 --- [crm] [Thread-7] com.zaxxer.hikari.HikariDataSource       : HikariPool-2 - Shutdown completed.
2025-08-20T22:06:14.389+05:30  INFO 18868 --- [crm] [restartedMain] c.e.S.SalesManagementSoftwareApplication : Starting SalesManagementSoftwareApplication using Java 21.0.7 with PID 18868 (C:\Users\PULKIT ARORA\Desktop\Project\SalesManagementSoftware\SalesManagementSoftware\target\classes started by PULKIT ARORA in C:\Users\PULKIT ARORA\Desktop\Project\SalesManagementSoftware)
2025-08-20T22:06:14.389+05:30  INFO 18868 --- [crm] [restartedMain] c.e.S.SalesManagementSoftwareApplication : The following 1 profile is active: "dev"
2025-08-20T22:06:14.845+05:30  INFO 18868 --- [crm] [restartedMain] .s.d.r.c.RepositoryConfigurationDelegate : Bootstrapping Spring Data JPA repositories in DEFAULT mode.
2025-08-20T22:06:14.904+05:30  INFO 18868 --- [crm] [restartedMain] .s.d.r.c.RepositoryConfigurationDelegate : Finished Spring Data repository scanning in 57 ms. Found 4 JPA repository interfaces.
2025-08-20T22:06:15.128+05:30  INFO 18868 --- [crm] [restartedMain] o.s.b.w.embedded.tomcat.TomcatWebServer  : Tomcat initialized with port 8080 (http)
2025-08-20T22:06:15.129+05:30  INFO 18868 --- [crm] [restartedMain] o.apache.catalina.core.StandardService   : Starting service [Tomcat]
2025-08-20T22:06:15.131+05:30  INFO 18868 --- [crm] [restartedMain] o.apache.catalina.core.StandardEngine    : Starting Servlet engine: [Apache Tomcat/10.1.42]
2025-08-20T22:06:15.197+05:30  INFO 18868 --- [crm] [restartedMain] o.a.c.c.C.[Tomcat].[localhost].[/]       : Initializing Spring embedded WebApplicationContext
2025-08-20T22:06:15.197+05:30  INFO 18868 --- [crm] [restartedMain] w.s.c.ServletWebServerApplicationContext : Root WebApplicationContext: initialization completed in 801 ms
2025-08-20T22:06:15.258+05:30  INFO 18868 --- [crm] [restartedMain] o.hibernate.jpa.internal.util.LogHelper  : HHH000204: Processing PersistenceUnitInfo [name: default]
2025-08-20T22:06:15.265+05:30  INFO 18868 --- [crm] [restartedMain] o.h.c.internal.RegionFactoryInitiator    : HHH000026: Second-level cache disabled
2025-08-20T22:06:15.279+05:30  INFO 18868 --- [crm] [restartedMain] o.s.o.j.p.SpringPersistenceUnitInfo      : No LoadTimeWeaver setup: ignoring JPA class transformer
2025-08-20T22:06:15.281+05:30  INFO 18868 --- [crm] [restartedMain] com.zaxxer.hikari.HikariDataSource       : HikariPool-3 - Starting...
2025-08-20T22:06:15.310+05:30  INFO 18868 --- [crm] [restartedMain] com.zaxxer.hikari.pool.HikariPool        : HikariPool-3 - Added connection com.mysql.cj.jdbc.ConnectionImpl@31563c20
2025-08-20T22:06:15.310+05:30  INFO 18868 --- [crm] [restartedMain] com.zaxxer.hikari.HikariDataSource       : HikariPool-3 - Start completed.
2025-08-20T22:06:15.310+05:30  WARN 18868 --- [crm] [restartedMain] org.hibernate.orm.deprecation            : HHH90000025: MySQL8Dialect does not need to be specified explicitly using 'hibernate.dialect' (remove the property setting and it will be selected by default)
2025-08-20T22:06:15.310+05:30  WARN 18868 --- [crm] [restartedMain] org.hibernate.orm.deprecation            : HHH90000026: MySQL8Dialect has been deprecated; use org.hibernate.dialect.MySQLDialect instead
2025-08-20T22:06:15.310+05:30  INFO 18868 --- [crm] [restartedMain] org.hibernate.orm.connections.pooling    : HHH10001005: Database info:
	Database JDBC URL [Connecting through datasource 'HikariDataSource (HikariPool-3)']
	Database driver: undefined/unknown
	Database version: 8.0
	Autocommit mode: undefined/unknown
	Isolation level: undefined/unknown
	Minimum pool size: undefined/unknown
	Maximum pool size: undefined/unknown
2025-08-20T22:06:15.579+05:30  INFO 18868 --- [crm] [restartedMain] o.h.e.t.j.p.i.JtaPlatformInitiator       : HHH000489: No JTA platform available (set 'hibernate.transaction.jta.platform' to enable JTA platform integration)
2025-08-20T22:06:15.636+05:30  INFO 18868 --- [crm] [restartedMain] j.LocalContainerEntityManagerFactoryBean : Initialized JPA EntityManagerFactory for persistence unit 'default'
2025-08-20T22:06:15.883+05:30  WARN 18868 --- [crm] [restartedMain] JpaBaseConfiguration$JpaWebConfiguration : spring.jpa.open-in-view is enabled by default. Therefore, database queries may be performed during view rendering. Explicitly configure spring.jpa.open-in-view to disable this warning
2025-08-20T22:06:15.910+05:30  INFO 18868 --- [crm] [restartedMain] eAuthenticationProviderManagerConfigurer : Global AuthenticationManager configured with AuthenticationProvider bean with name authenticationProvider
2025-08-20T22:06:15.910+05:30  WARN 18868 --- [crm] [restartedMain] r$InitializeUserDetailsManagerConfigurer : Global AuthenticationManager configured with an AuthenticationProvider bean. UserDetailsService beans will not be used by Spring Security for automatically configuring username/password login. Consider removing the AuthenticationProvider bean. Alternatively, consider using the UserDetailsService in a manually instantiated DaoAuthenticationProvider. If the current configuration is intentional, to turn off this warning, increase the logging level of 'org.springframework.security.config.annotation.authentication.configuration.InitializeUserDetailsBeanManagerConfigurer' to ERROR
2025-08-20T22:06:16.039+05:30  INFO 18868 --- [crm] [restartedMain] o.s.b.d.a.OptionalLiveReloadServer       : LiveReload server is running on port 35729
2025-08-20T22:06:16.052+05:30  INFO 18868 --- [crm] [restartedMain] o.s.b.w.embedded.tomcat.TomcatWebServer  : Tomcat started on port 8080 (http) with context path '/'
2025-08-20T22:06:16.056+05:30  INFO 18868 --- [crm] [restartedMain] c.e.S.SalesManagementSoftwareApplication : Started SalesManagementSoftwareApplication in 1.709 seconds (process running for 173.003)
2025-08-20T22:06:16.060+05:30  INFO 18868 --- [crm] [restartedMain] .ConditionEvaluationDeltaLoggingListener : Condition evaluation delta:


==========================
CONDITION EVALUATION DELTA
==========================


Positive matches:
-----------------

    None


Negative matches:
-----------------

   OAuth2ClientWebSecurityAutoConfiguration.OAuth2SecurityFilterChainConfiguration:
      Did not match:
         - AllNestedConditions 1 matched 1 did not; NestedCondition on DefaultWebSecurityCondition.Beans @ConditionalOnMissingBean (types: org.springframework.security.web.SecurityFilterChain; SearchStrategy: all) found beans of type 'org.springframework.security.web.SecurityFilterChain' securityFilterChain; NestedCondition on DefaultWebSecurityCondition.Classes @ConditionalOnClass found required classes 'org.springframework.security.web.SecurityFilterChain', 'org.springframework.security.config.annotation.web.builders.HttpSecurity' (DefaultWebSecurityCondition)


Exclusions:
-----------

    None


Unconditional classes:
----------------------

    None



2025-08-20T22:07:51.010+05:30  INFO 18868 --- [crm] [SpringApplicationShutdownHook] o.s.b.w.e.tomcat.GracefulShutdown        : Commencing graceful shutdown. Waiting for active requests to complete
2025-08-20T22:07:51.024+05:30  INFO 18868 --- [crm] [tomcat-shutdown] o.s.b.w.e.tomcat.GracefulShutdown        : Graceful shutdown complete
2025-08-20T22:07:51.034+05:30  INFO 18868 --- [crm] [SpringApplicationShutdownHook] j.LocalContainerEntityManagerFactoryBean : Closing JPA EntityManagerFactory for persistence unit 'default'
2025-08-20T22:07:51.036+05:30  INFO 18868 --- [crm] [SpringApplicationShutdownHook] com.zaxxer.hikari.HikariDataSource       : HikariPool-3 - Shutdown initiated...
2025-08-20T22:07:51.042+05:30  INFO 18868 --- [crm] [SpringApplicationShutdownHook] com.zaxxer.hikari.HikariDataSource       : HikariPool-3 - Shutdown completed.
